20250506	16:15:16	8591c1e8-d337-4dfa-ac6c-a50c60205bdc	GET	undefined	/
20250506	16:15:16	c9a96f73-3efd-4907-a0a0-31e4c5a88958	GET	undefined	/css/style.css
20250506	16:17:03	57886656-0163-4afd-af04-60b0904049ca	GET	undefined	/new-page.html
20250506	16:17:03	4b22abbe-8f0b-41fa-822d-5154786d7195	GET	undefined	/css/style.css
20250506	16:17:03	56440cbc-95f4-4698-ba9e-f38464f29603	GET	undefined	/img/img1.jpg
20250506	16:20:20	a2b3b2e6-8311-4334-8077-049fce1ef245	GET	undefined	/
20250506	16:21:42	203b73df-c3d9-4bb6-a3d8-013dccf3f54c	OPTIONS	https://www.google.co.id	/
20250506	16:21:42	a9912cbd-fbea-4a5a-bc1f-e8f86d0c8801	GET	https://www.google.co.id	/
20250506	16:22:15	a399e378-b498-4e1f-9002-5a92181f91b0	GET	undefined	/new-page.html
20250506	16:22:25	2f4a2432-a556-4324-9ddb-b2c2bebce356	GET	undefined	/
20250506	16:35:08	4d2f95ee-bb39-4a1f-a695-f9991857e996	GET	undefined	/
20250506	16:35:41	1c5ef1b9-a452-4dc6-9bec-549b4551b095	GET	undefined	/
20250506	16:35:41	f0a818c0-3067-4a7c-b970-ae8bbfb824bf	GET	undefined	/css/style.css
20250507	09:25:47	6c235985-002b-4bf9-919e-a2c511697ba0	GET	undefined	/
20250507	09:25:47	e41669c6-1282-4e8e-bdee-1b7623c14125	GET	undefined	/css/style.css
20250507	09:25:47	23b00e8b-82f6-40d5-9d03-a94eb9e31c0c	GET	undefined	/favicon.ico
20250507	09:26:01	eb665cc0-3b7f-4d68-b297-9b13b80ec439	GET	undefined	/subdir
20250507	09:37:11	98536d6e-c953-4034-adda-53ae87e009be	GET	undefined	/subdir
20250507	09:37:11	b90ac00b-c895-433e-8d07-cbfb0409230a	GET	undefined	/favicon.ico
20250507	09:37:15	5a51521e-031a-4af7-886c-33a496ff439f	GET	undefined	/subdir/
20250507	09:37:19	a2cb6ed4-eec3-411a-a302-50393c8a42cd	GET	undefined	/subdir/index
20250507	09:37:23	57ce202b-5c07-4ca6-8829-54cd3607e51f	GET	undefined	/subdir/index.html
20250507	09:37:28	665a5d14-ac31-4379-ae8b-8b6b7634c169	GET	undefined	/subdir/test
20250507	09:37:32	10786513-114e-4cf5-ac21-e2575019fd2d	GET	undefined	/subdir/test/
20250507	09:37:38	b99d5ea5-0836-4d38-b34b-9bcd21f96701	GET	undefined	/subdir/test.html
20250507	09:45:17	aad953bd-0181-4ee9-b4b5-39a5171a1485	GET	undefined	/subdir/sadf
20250507	09:45:18	4c9081c7-5bf5-4eef-99ac-3af5b9c4cf67	GET	undefined	/subdir/css/style.css
20250507	09:45:24	c6d74190-2a54-4517-a492-125827cb9133	GET	undefined	/testing
20250507	09:45:24	a0dc6458-5515-4249-b7c1-230ce2d17cc3	GET	undefined	/css/style.css
20250507	09:46:37	5132dfeb-b744-409b-b046-e4aec8626d56	GET	undefined	/subdir/asdf
20250507	09:46:37	d721f496-a90a-4fdd-ae2e-2a1816da83d1	GET	undefined	/subdir/css/style.css
20250507	09:47:30	30d4950d-ce9d-4607-9d97-e9cd6f84eb12	GET	undefined	/
20250507	09:47:30	378e2f90-9409-443d-a664-ca03439222fd	GET	undefined	/css/style.css
20250507	09:50:00	429c9489-8271-4a56-a725-c1e7d2489e99	GET	undefined	/
20250507	09:50:00	bb8189a6-429a-457a-b7cb-37faf7704606	GET	undefined	/favicon.ico
20250507	09:50:03	9ff93f4a-ef8f-4a3f-9d4f-aaab3f7f25a4	GET	undefined	/
20250507	09:50:03	caf63ca3-87c8-4856-85fe-1c3bf939f7ed	GET	undefined	/favicon.ico
20250507	09:50:26	97555140-4353-4cdd-81e6-2b1eb5db88af	GET	undefined	/
20250507	09:50:26	01c5c85e-06bc-45e2-bc68-2e9a306ca811	GET	undefined	/css/style.css
20250507	09:50:31	c6a83d9c-ee3b-4434-989a-eb59886f2072	GET	undefined	/new-page
20250507	09:50:31	622e2c47-ef60-49d9-8fd1-a80c465d3bb7	GET	undefined	/css/style.css
20250507	09:50:31	dfdfee2b-577c-4e92-a7fc-b3ab64be56e2	GET	undefined	/img/img1.jpg
20250507	09:50:36	ee314b3c-a137-4ec1-9994-556e05b678e0	GET	undefined	/old-page
20250507	09:50:36	982d65bd-c162-47cb-9050-e1c746809375	GET	undefined	/new-page
20250507	09:50:36	aa470327-358a-40c5-bd13-74d6157907d2	GET	undefined	/css/style.css
20250507	09:50:36	da66f10c-f196-48f4-9f20-026e24814f79	GET	undefined	/img/img1.jpg
20250507	09:50:41	a5556666-d014-4fe4-bcf1-71576cc6e827	GET	undefined	/
20250507	09:50:41	d3b547b6-cec2-45a6-a0c7-90fece7caa9b	GET	undefined	/css/style.css
20250507	09:56:32	197e4c91-5ad2-4c60-a6f4-8b1f9035872b	GET	undefined	/tes
20250507	09:56:32	b7a5ab98-132f-4ec0-9a26-9023df2d02c2	GET	undefined	/css/style.css
20250507	09:56:37	75988996-771d-4192-a38f-3b62136d444a	GET	undefined	/tes.json
20250507	09:56:37	a6dc79aa-7ff9-4eec-a538-5bfc611a08cd	GET	undefined	/css/style.css
20250507	09:56:40	d3b070cb-a690-4942-aca4-162876ad1d3e	GET	undefined	/tes.json
20250507	09:56:40	fab55a36-ee5e-4b35-9de9-cd3beba8515e	GET	undefined	/css/style.css
20250507	09:56:40	5378a156-836d-4f40-8cc5-6588dceced42	GET	undefined	/favicon.ico
20250507	09:56:47	da374272-2e56-4dc9-b02f-390311de6975	GET	undefined	/tes.txt
20250507	09:56:47	dc062865-0562-459f-8a0f-ba9cebab5fb7	GET	undefined	/css/style.css
20250507	09:56:51	996db463-1b31-4d10-b9b8-6e11d3748d86	GET	undefined	/
20250507	09:56:51	e7bc97ad-8801-4120-895e-12d0e4081323	GET	undefined	/css/style.css
20250507	10:11:04	aceeae99-0272-4123-a42b-aa5a6cfed15e	GET	undefined	/employees
20250507	10:11:37	448af4e8-bcdc-46c0-8792-50bd8156f3c9	GET	undefined	/employees
20250507	10:12:03	39971d15-ef2f-44b3-a118-e6fc6f5fbaf0	POST	undefined	/employees
20250507	10:12:19	53d619d8-2035-4142-9118-c20f17226566	PUT	undefined	/employees
20250507	10:12:28	b4a6b742-ce9e-436b-948c-0bc86d284867	DELETE	undefined	/employees/123
20250507	10:12:52	38b1242b-44c1-47be-9b35-2d562fbea2bd	DELETE	undefined	/employees/123
20250507	10:14:31	be71e688-fec7-4e32-86d7-ab7a49b1ad48	GET	undefined	/employees/123
20250507	10:14:35	be492f70-9b40-4ddc-83d8-e5f858127ff6	DELETE	undefined	/employees/123
20250507	10:15:02	18ac5bbf-79e0-405c-abec-c369c969d2be	DELETE	undefined	/employees/
20250507	11:14:06	dc7bec79-7617-4d3b-bb4b-69dfe0414076	GET	undefined	/employees/
20250507	11:14:15	d0409566-32e2-4b85-81ca-fa7c894ff66e	GET	undefined	/employees/4
20250507	11:14:20	803c6148-6a0b-4c76-b08a-d463cd1f269a	GET	undefined	/employees/3
20250507	11:14:24	6dca385f-0af4-42f3-b9aa-e7acec6614c7	GET	undefined	/employees/2
20250507	11:15:49	63ca37bd-fa38-4b87-b53b-dc881fd69690	POST	undefined	/employees/
20250507	11:16:10	b7f21e4b-04d3-4014-965e-5f2bf2331b31	POST	undefined	/employees/
20250507	11:16:51	aec1aa37-4002-4449-9f7a-ee07e1787c3b	PUT	undefined	/employees/
20250507	11:17:00	e8427432-be96-45b9-a5b1-c3f11b57d1d6	PUT	undefined	/employees/
20250507	11:17:11	d2bc944a-e1ff-46c7-9878-7407bb3e5c26	PUT	undefined	/employees/
20250507	11:17:26	a266b573-e0c5-4672-9caa-1e4cabfd5d35	PUT	undefined	/employees/
20250507	11:17:34	0f56b395-0791-4b75-8a94-acefd405d191	PUT	undefined	/employees/
20250507	11:17:48	95632f08-65fa-4b37-a70d-471b71b25a15	DELETE	undefined	/employees/
20250507	11:17:53	c496b313-8daa-41b3-9e68-911d43bf3a1a	DELETE	undefined	/employees/
20250507	15:54:23	88ceeb4d-2dea-48a2-b598-c6f738ef6ba7	POST	undefined	/register/
20250507	15:55:01	c9bb7949-5478-476d-ace7-b732071cc717	POST	undefined	/register/
20250507	15:55:49	f4349561-2fe5-4104-982e-f109c22e7a95	POST	undefined	/register/
20250507	15:56:31	b3c29183-e89b-4cb9-ad38-96b8fe943a53	POST	undefined	/register/
20250507	15:57:11	279bca21-c4b2-470e-a960-7ceab0984590	POST	undefined	/register/
20250507	16:14:51	132c398b-9898-4d09-b15b-b1f21e83e680	POST	undefined	/auth/
20250507	16:15:15	2cf9fd52-e3ca-4056-9676-5cc82d152de6	POST	undefined	/auth/
20250507	16:15:30	b0fdaaf4-6a48-43b5-af2c-0cef021907a4	POST	undefined	/auth/
20250507	16:57:19	c5745f91-4462-4744-a27b-24d0636f5f63	GET	undefined	/employees/
20250507	16:57:34	c686709a-b0b6-400e-82c0-d61e1555f6be	POST	undefined	/auth/
20250507	16:57:38	09eba457-2cc5-4b11-8441-38da44e27d88	POST	undefined	/auth/
20250507	16:58:32	be5537b5-01cd-4281-9322-3537f94606b6	GET	undefined	/employees/
20250507	17:00:51	1b96b52d-0188-4d15-b3b4-bc7af1f5bf8b	POST	undefined	/auth/
20250507	17:01:04	95d29cf4-79d2-494f-81ff-58d826fcf4a6	GET	undefined	/employees/
20250508	09:41:38	26d85ec9-177e-41ba-8c7b-8426878da57f	GET	undefined	/employees/
20250508	09:41:46	b324d1f8-4dc9-4638-929d-1ccf6557fa42	POST	undefined	/auth/
20250508	09:41:58	ddab7c7f-1dcb-4f57-9dcb-0d28465a9402	GET	undefined	/employees/
20250508	09:42:05	f1f1b277-0bb5-43b0-84d1-3200bcc3120a	GET	undefined	/employees/
20250508	09:42:10	e784c05f-0723-437b-b5c1-b06e9b02d169	GET	undefined	/employees/
20250508	09:42:11	508345fc-05bb-45b8-9a35-5f261549360f	GET	undefined	/employees/
20250508	09:42:11	b30c79d1-f9f2-4c7b-bbb6-3544997c7517	GET	undefined	/employees/
20250508	09:42:17	25d1221e-04f5-46f8-bf46-eb936c11cad0	POST	undefined	/auth/
20250508	09:42:23	bc7fb129-b0ac-445f-ae54-35aaa322814d	GET	undefined	/employees/
20250508	09:42:25	eed0dd61-2a7b-4048-9176-444f90d684c6	GET	undefined	/employees/
20250508	09:42:26	3e807d8f-59b7-4b96-9e69-5d8c6da580fc	GET	undefined	/employees/
20250508	09:42:26	19fba5b8-e3b2-447c-967d-820e32bd35ae	GET	undefined	/employees/
20250508	09:42:27	40e4ac81-821a-4f78-8106-3ccc1396de52	GET	undefined	/employees/
20250508	09:42:27	6c4a3d67-6c3d-4e57-bcd6-d4055685a40d	GET	undefined	/employees/
20250508	09:42:28	a797c01c-b952-482f-bac4-2c5830424548	GET	undefined	/employees/
20250508	09:42:28	834246e8-173a-43df-baee-c75f822f8490	GET	undefined	/employees/
20250508	09:42:29	11625701-ef01-4efe-8a9e-bd9f937b5404	GET	undefined	/employees/
20250508	09:42:29	6d6bbbc8-a0bc-4d1a-a911-9e19cd6aea09	GET	undefined	/employees/
20250508	09:42:30	c2069b37-70e8-4d0b-b50f-1a8dba39bb1f	GET	undefined	/employees/
20250508	09:42:30	8add5e21-a6aa-498d-be64-64a393fdb6ca	GET	undefined	/employees/
20250508	09:42:30	cb9860ae-c580-4881-82d4-c4c72644ed28	GET	undefined	/employees/
20250508	09:42:31	79ca98a7-1f19-4bee-9571-63967d868f40	GET	undefined	/employees/
20250508	09:42:31	6192bfc4-49c5-4c0f-814e-8fd84d29b499	GET	undefined	/employees/
20250508	09:42:32	c82bcb18-c547-4114-9d10-a3be57e2dafb	GET	undefined	/employees/
20250508	09:42:32	3b51ebe4-390f-4986-93ec-54cce65db661	GET	undefined	/employees/
20250508	09:42:33	e8e3d771-8bf2-491b-9bd8-9bd245c9439b	GET	undefined	/employees/
20250508	09:42:33	2a41d234-4c29-404b-a216-b8106b523dbf	GET	undefined	/employees/
20250508	09:42:34	d439a722-3b46-46b4-bbce-8a4abe1b947a	GET	undefined	/employees/
20250508	09:42:34	9fbc1cf7-fb47-470e-b83e-937d31a4012a	GET	undefined	/employees/
20250508	09:42:35	5d1498c0-0773-4cc0-870b-50636adf99d8	GET	undefined	/employees/
20250508	09:42:35	8b46486f-dcaf-42b7-b725-06188c07bc56	GET	undefined	/employees/
20250508	09:42:58	75afff2e-39a4-4cc2-bd32-36a02ff88036	GET	undefined	/employees/
20250508	09:43:50	10608eb9-2382-48e9-bdb2-2f8205db4fd7	GET	undefined	/refresh/
20250508	09:44:03	88f134d3-46a2-4c2e-8e31-8ccd518908f5	GET	undefined	/employees/
20250508	09:45:21	e6ffe3a6-9df1-4aac-8625-4d85c72894f6	GET	undefined	/employees/
20250508	09:56:44	80718014-ba4e-409c-a4dd-d8aee324ef0a	GET	undefined	/refresh/
20250508	09:56:51	70da1378-c9bf-4d80-a4e0-5915d581f52f	GET	undefined	/employees/
20250508	09:57:15	8f6c9712-0a22-4fb7-84be-b8e83bd8559a	GET	undefined	/logout/
20250508	09:57:24	25a2ec45-6ee4-4415-90d3-a03c574e0545	GET	undefined	/refresh/
20250508	09:57:41	0d2bd7dc-c5fb-472f-bf09-af97d550de31	GET	undefined	/refresh/
20250508	09:57:42	d06254b5-9ad4-4303-b19c-37db7ed656f7	GET	undefined	/refresh/
20250508	09:58:30	63ee16ea-41f4-4a42-8d4e-9f58b6b47a32	GET	undefined	/employees/
20250508	10:09:30	c8e36cb2-d69e-4a45-aebf-a6805c4b6412	GET	undefined	/refresh/
20250508	10:09:33	315e3291-dc80-4dd3-a18b-316b6b5cebab	GET	undefined	/employees/
20250508	10:09:35	f6aa01ef-9ce5-4e42-a8d5-52bf5d8b1a9c	POST	undefined	/auth/
20250508	10:09:42	aabc30f5-3b3a-419c-b209-f67f110d0c5e	GET	undefined	/employees/
20250508	10:09:45	efb47a82-c9ab-4c88-98bf-7dbf270836e9	POST	undefined	/auth/
20250508	10:09:53	e207e271-9d74-482b-8237-6b6be22caf84	GET	undefined	/employees/
20250508	10:10:00	dacef84a-9633-4e81-996e-1a1489fca539	GET	undefined	/employees/
20250508	10:10:02	0df1fff4-7449-4225-83bb-0fe324e95140	GET	undefined	/employees/
20250508	10:10:03	75452490-59b6-4a62-aebd-7b1bb3c2151f	GET	undefined	/employees/
20250508	10:10:03	f3c6e391-03f3-4a6c-8be3-0516410cad26	GET	undefined	/employees/
20250508	10:10:04	9c3e6611-7a8d-48de-8d43-2368e55b54f3	GET	undefined	/employees/
20250508	10:10:05	15a62fac-249e-4e9a-881f-4b61dcdad72c	GET	undefined	/employees/
20250508	10:10:05	4d3b1fbd-3c39-4ad1-9d81-1bbc789e4994	GET	undefined	/employees/
20250508	10:10:06	ba68264b-088a-405b-be19-20fdce127488	GET	undefined	/employees/
20250508	10:10:06	f23e0415-dca3-4c69-a2f7-9f1a981faa44	GET	undefined	/employees/
20250508	10:10:07	1119d720-e79a-4a4d-9cba-899a5ff87fc1	GET	undefined	/employees/
20250508	10:10:07	35414905-ffb5-4506-a7c7-82c75e593c6b	GET	undefined	/employees/
20250508	10:10:07	95eb2cef-1424-420f-89d6-ce1678afc2ec	GET	undefined	/employees/
20250508	10:10:08	6a7a2a71-77d3-4006-98fc-cf28e4ee2bb1	GET	undefined	/employees/
20250508	10:10:08	d9f4fcb4-45ee-45f8-8ff0-826ebca6c7ef	GET	undefined	/employees/
20250508	10:10:09	83656f59-c87a-47b9-9c72-ccd0e4bee12f	GET	undefined	/employees/
20250508	10:10:09	401818b9-951e-43ff-a9f9-23738b00b103	GET	undefined	/employees/
20250508	10:10:09	68a675c9-c5b9-46bd-8fa3-a13bb07f5ce9	GET	undefined	/employees/
20250508	10:10:09	921679ae-b0cf-41ed-87aa-82ab9b92ba7c	GET	undefined	/employees/
20250508	10:10:09	7b7a1a5d-e938-4d41-8acc-1db536c9255c	GET	undefined	/employees/
20250508	10:10:09	f2b40738-b502-4dd2-a5d2-a016e330f87a	GET	undefined	/employees/
20250508	10:10:10	929be446-0811-4f07-9850-889b237c6751	GET	undefined	/employees/
20250508	10:10:10	eb0bd14e-ad90-41a2-a0b5-afbdd0c968ae	GET	undefined	/employees/
20250508	10:10:10	6c11062f-8af0-4fb6-a29c-e559d12be628	GET	undefined	/employees/
20250508	10:10:11	492209b1-6fc6-47a9-a675-d728701693da	GET	undefined	/employees/
20250508	10:10:11	375f1a88-1df9-48b0-9ad8-c190307eb971	GET	undefined	/employees/
20250508	10:10:11	50c881d3-174e-44b6-bef6-d491a16bcda2	GET	undefined	/employees/
20250508	10:10:11	349addd4-5714-4f09-9c9c-781cf141143d	GET	undefined	/employees/
20250508	10:10:12	c89d1a17-3995-4c5f-83b4-328a0658f302	GET	undefined	/employees/
20250508	10:10:12	13f65894-c748-4af4-bc28-b9c891c3b96c	GET	undefined	/employees/
20250508	10:10:12	cea809a3-58eb-418b-9e80-6f052d281c41	GET	undefined	/employees/
20250508	10:10:12	cb9b08cb-11ef-41ae-8e61-88d71210d611	GET	undefined	/employees/
20250508	10:10:12	4f887597-58c0-4640-859d-e60ae880bfce	GET	undefined	/employees/
20250508	10:10:13	0c68ce0c-9475-4af7-9471-e461315c42cd	GET	undefined	/employees/
20250508	10:10:13	a7b6e309-fc9f-4602-83a0-fd303b7dbbc2	GET	undefined	/employees/
20250508	10:10:13	9be20219-7673-47e7-b37d-eaf3fcb955a5	GET	undefined	/employees/
20250508	10:10:13	e38ec9dd-e6a3-4db4-8afb-debf3f3f5b59	GET	undefined	/employees/
20250508	10:10:13	e0055147-ada1-4900-a946-b3f59fcc600b	GET	undefined	/employees/
20250508	10:10:13	974b5d14-31f9-4132-a1ef-352380921418	GET	undefined	/employees/
20250508	10:10:14	781dedad-7c6b-4c89-8362-3b6bf28c50d9	GET	undefined	/employees/
20250508	10:10:14	ba0da5aa-596a-40e2-abfd-a00c371f6b57	GET	undefined	/employees/
20250508	10:10:14	86c81c28-8fee-4b7c-be4b-00e877129b30	GET	undefined	/employees/
20250508	10:10:14	136eb4fe-c252-4f3b-84bb-fd8cef63ddca	GET	undefined	/employees/
20250508	10:10:15	269e4868-6b55-4d74-abdc-39b2ee4d8680	GET	undefined	/employees/
20250508	10:10:15	1dee23a5-d4dc-4a73-8339-c2c980346608	GET	undefined	/employees/
20250508	10:10:16	eae65970-fb08-4861-bffd-562a7f589b97	GET	undefined	/employees/
20250508	10:10:16	da0e7bd9-6dbc-4e3d-a44e-82dff447c430	GET	undefined	/employees/
20250508	10:10:16	2fa53bce-6438-4777-9237-2dc335d6bae3	GET	undefined	/employees/
20250508	10:10:21	0b98bb87-db30-4dd4-b885-0870e03fb5d4	GET	undefined	/refresh/
20250508	10:10:22	57d6fc76-6e86-4449-9436-131c313376bb	GET	undefined	/refresh/
20250508	10:10:22	87198f0f-d11d-4f8a-818a-37ba91ace09f	GET	undefined	/refresh/
20250508	10:10:23	e48bfbe3-34dd-4180-8246-b25d2302e11a	GET	undefined	/refresh/
20250508	10:10:23	63d70acd-963b-4cdc-9c17-896b100ee8f6	GET	undefined	/refresh/
20250508	10:10:23	64d0a54d-e3c7-4981-b6c8-a462f3d3f5d5	GET	undefined	/refresh/
20250508	10:10:23	cbac7997-700f-49c6-a360-065e818c46e2	GET	undefined	/refresh/
20250508	10:10:24	092670aa-3af9-4ef0-b45c-999ac0741d67	GET	undefined	/refresh/
20250508	10:10:24	6d59b014-be4c-4363-963f-54fc25c4fc6e	GET	undefined	/refresh/
20250508	10:10:25	2a54d180-ccf9-44db-85c2-68cd30501193	GET	undefined	/refresh/
20250508	10:10:25	471879c5-7990-4d7e-9881-7c0f48a21d1b	GET	undefined	/refresh/
20250508	10:10:26	c173ee0a-3564-46d7-96a0-a3743c65bbc3	GET	undefined	/refresh/
20250508	10:10:27	2c44abf1-6e6e-4900-881a-e3eb1e198f01	GET	undefined	/refresh/
20250508	10:10:39	1ab3827a-9466-4227-b8e1-423ce4c2056f	GET	undefined	/logout/
20250508	10:10:40	0707247b-13f2-4b63-b69b-6e8376fd2fad	GET	undefined	/logout/
20250508	10:10:44	120ada5e-94e4-454f-a508-927da64e8e2f	GET	undefined	/employees/
20250508	10:10:45	44f32714-9dba-4f46-a931-a604f6cfdff3	GET	undefined	/refresh/
20250508	10:11:17	cc413b40-fc30-4957-83f8-251d9de0a052	GET	undefined	/refresh/
20250508	10:11:27	1439a872-7b51-418c-9441-1ea2de979411	POST	undefined	/auth/
20250508	10:11:40	e1fc9725-e3ab-40ed-a1ba-13bc359bc298	GET	undefined	/employees/
20250508	10:11:42	c7a126ba-c1a1-4640-a848-afe1e8372125	GET	undefined	/employees/
20250508	10:11:42	aac77545-c3b4-42e8-a4bf-07e277b172b8	GET	undefined	/employees/
20250508	10:11:43	45a6935f-fe1d-4817-8daa-1c95f8357b2a	GET	undefined	/employees/
20250508	10:11:44	5490cc83-2f7d-434c-b77f-8b9526a07d94	GET	undefined	/employees/
20250508	10:11:43	27c36d64-afc9-402f-8dce-1fc87fdd31d8	GET	undefined	/employees/
20250508	10:11:44	028b8d47-75ef-4e84-89d5-f5f2ec338247	GET	undefined	/employees/
20250508	10:11:48	1432ef8a-76cd-4b93-954d-a9910a321f74	GET	undefined	/employees/
20250508	10:11:48	5dc83dba-7d85-4092-8b9d-467700074007	GET	undefined	/employees/
20250508	10:11:49	d35e7391-98b2-4b59-9d6a-4c36d941a7bc	GET	undefined	/employees/
20250508	10:11:57	161d9495-4983-4138-b7b3-f239738fc536	GET	undefined	/employees/
20250508	10:11:58	8e21e236-b639-4a5c-9926-1a01d755c2c0	GET	undefined	/employees/
20250508	10:12:00	e645890a-bd94-4e3a-8f0f-e369175ae983	GET	undefined	/employees/
20250508	10:12:01	371aee5d-727f-45f7-a13f-6955578295ba	GET	undefined	/employees/
20250508	10:12:01	b9d54f46-78c8-46bc-8f1d-8dc12966747e	GET	undefined	/employees/
20250508	10:12:04	b250de62-bbbc-4675-83fc-497b130f1533	GET	undefined	/employees/
20250508	10:12:13	28a6ff26-ecd8-4ff7-8105-c6a4221a8435	GET	undefined	/refresh/
20250508	10:12:14	5ccdc0b8-fcc2-4957-ba96-95186d4dc561	GET	undefined	/refresh/
20250508	10:12:14	60ffb059-20c6-47d9-8906-88f937604a41	GET	undefined	/refresh/
20250508	10:12:15	320dc32e-3ea1-4b74-b9eb-aceb18220da7	GET	undefined	/refresh/
20250508	10:12:15	a2303349-03c1-428b-87fc-9f75207e2941	GET	undefined	/refresh/
20250508	10:12:15	811c3d75-0989-4808-a3fc-25f73085dbcd	GET	undefined	/refresh/
20250508	10:12:15	e1e327cb-0ff1-479f-a935-6c9348af6617	GET	undefined	/refresh/
20250508	10:12:15	254b5100-c97e-465e-85fe-27a8e16c3612	GET	undefined	/refresh/
20250508	10:12:59	74dda58f-6138-4e41-9588-20f3a5e4c5e5	GET	undefined	/logout/
20250508	10:13:03	9a013b41-94a8-40df-a547-c49907aa3880	GET	undefined	/employees/
20250508	10:13:53	274bccd2-cb87-414a-91b7-e15e085a0725	POST	undefined	/auth/
20250508	10:14:07	1608b841-53f5-4fbd-97dc-7f71419d00ba	GET	undefined	/employees/
20250508	10:14:08	6a5daa49-a45d-42bb-a089-c9364df268d1	GET	undefined	/employees/
20250508	10:14:09	874fd33e-e0ba-450b-887a-4ae250fe737c	GET	undefined	/employees/
20250508	10:14:09	3f4bd872-4c5f-422e-a165-2fb458b1515f	GET	undefined	/employees/
20250508	10:14:09	09ca1992-36ab-4fe1-8791-88d5876c901b	GET	undefined	/employees/
20250508	10:14:10	80ca8612-e021-46bc-8008-692df4afc2a8	GET	undefined	/employees/
20250508	10:14:10	5f07e583-d75d-41e1-af4e-2a655207c534	GET	undefined	/employees/
20250508	10:14:11	8f4982e4-271d-400f-9480-b314b8b3034c	GET	undefined	/employees/
20250508	10:14:11	78167317-b513-42ad-9d8d-80079796457b	GET	undefined	/employees/
20250508	10:14:11	f4926686-e1dd-4e2e-a399-173f3d60d2e1	GET	undefined	/employees/
20250508	10:14:12	a9e2ef3a-5053-4f66-a745-4730d58551b9	GET	undefined	/employees/
20250508	10:14:12	14bbde6e-1639-4aa1-8c80-46b748fea552	GET	undefined	/employees/
20250508	10:14:12	843e4120-54b3-4319-88c3-6a9ae33da43d	GET	undefined	/employees/
20250508	10:14:22	545fa345-311e-4141-8357-ce6859d4b684	GET	undefined	/employees/
20250508	10:14:22	b1f7144e-03c3-43b5-899d-f74a08d612f8	GET	undefined	/employees/
20250508	10:14:23	a1c2fbff-feee-4f05-8bb1-e24312a0acd0	GET	undefined	/employees/
20250508	10:14:23	a1632994-3f18-4b22-bf43-6a387814be0c	GET	undefined	/employees/
20250508	10:14:23	60652594-36f9-4fbf-bf9b-c398f91c925e	GET	undefined	/employees/
20250508	10:14:24	79ab9361-cd7a-4356-b628-0ac72d7d83d1	GET	undefined	/employees/
20250508	10:14:24	91f3ec97-af62-4207-81d8-6bc7f4b4f246	GET	undefined	/employees/
20250508	10:14:25	e640c459-ece7-409f-9b30-66e0c3777222	GET	undefined	/employees/
20250508	10:14:25	31539a23-8795-4b27-b40a-6ea983619af1	GET	undefined	/employees/
20250508	10:14:25	c5a63e5e-f7d0-4061-bbcc-cbda3aa59863	GET	undefined	/employees/
20250508	10:14:54	77b9fbc2-b825-4279-9c6b-704a244fc59a	GET	undefined	/refresh/
20250508	10:15:02	5ac74ab4-a467-43fa-b852-8d633e26ebdf	GET	undefined	/refresh/
20250508	10:15:03	dba7a349-5443-4a52-9a6b-81f6673f8531	GET	undefined	/refresh/
20250508	10:15:03	88586c96-d07a-4735-93a0-9b699a075a94	GET	undefined	/refresh/
20250508	10:17:37	184a5af0-1cd4-4cdf-81b6-b86b566975b9	POST	undefined	/auth/
20250508	10:17:41	7ba115e9-03b6-49d9-9217-0d34bbd93ac8	GET	undefined	/refresh/
20250508	10:17:48	aeeb78aa-350f-4d73-b433-dca4d2138bcb	POST	undefined	/auth/
20250508	10:17:50	4af13437-9524-4114-b486-4f0121afe508	GET	undefined	/refresh/
20250508	10:47:58	930bc982-c699-4443-9711-0ed337bffa4e	POST	undefined	/auth/
20250508	10:48:02	abc56ac8-a3f7-4d71-bbd4-4020ad15b020	GET	undefined	/refresh/
20250508	10:48:07	460d2400-54b0-4dc9-b23d-acb8daafbc11	GET	undefined	/logout/
20250508	10:48:39	25ccbd4d-8bf9-4214-9cd0-1615c210f22d	GET	undefined	/employees/
20250508	11:08:40	d8f68a1c-6865-4184-92fe-dad4f75d8d88	POST	undefined	/auth/
20250508	11:08:49	8f58134c-b8f8-4462-809c-c5ba31610857	GET	undefined	/refresh/
20250508	11:08:51	9b719aa8-f215-45a8-86f0-d443ef763303	GET	undefined	/logout/
20250508	11:08:57	9aa00c6d-c762-400d-9135-78f6ac123aa6	GET	undefined	/employees/
20250508	11:09:11	f46dbad1-4006-4f35-9534-efc293358a92	POST	undefined	/auth/
20250508	11:09:14	2794a3bc-e18f-4a82-83ec-93135f801975	GET	undefined	/refresh/
20250508	11:09:17	8c18f264-20a4-4697-b228-971dc2972683	GET	undefined	/logout/
20250508	11:11:12	ed7765ff-2dbb-4d2b-9603-582356cf5d1a	POST	undefined	/auth/
20250508	11:11:23	f5cad7d7-1d84-4ada-a937-41c15fc2cc3f	GET	undefined	/employees/
20250508	11:11:30	664c53e4-c9ce-406f-a477-f6f9f2edb27e	GET	undefined	/employees/1
20250508	11:11:36	bac9ad92-85cc-40c2-9d12-135f76c3e494	GET	undefined	/employees/2
20250508	11:12:26	e71ba4e7-aad8-4c60-8a04-b6c262ecd0e9	POST	undefined	/employees/
20250508	11:13:46	8def1427-13e5-4de0-a9f8-f48f4033c4b2	GET	undefined	/refresh/
20250508	11:13:49	95ad0d69-a24c-4dda-9328-4bc903e8053d	GET	undefined	/logout/
20250508	11:14:14	29ba452c-eef3-4af9-915f-9aea37cdbd19	POST	undefined	/auth/
20250508	11:14:32	e21393d0-2939-4633-9ae3-1c455d1c4d3e	POST	undefined	/employees/
20250508	11:15:42	75eef62e-2eda-40ca-bb4a-a1115ce7215a	PUT	undefined	/employees/
20250508	11:16:20	51def1d9-c4ed-4801-b51a-2a3a7b2eb04d	PUT	undefined	/employees/
20250508	11:16:34	dd1df6a2-5890-4aca-b144-348e3c2bed69	GET	undefined	/employees/
20250508	11:17:15	0cef8856-28a2-4f16-b77d-5ced7f1fcf13	POST	undefined	/employees/
20250508	11:17:37	f966daf3-7502-4d14-9bca-dea2f187d2da	PUT	undefined	/employees/
20250508	11:17:44	0ef47d59-a899-459b-849b-aead6838828a	PUT	undefined	/employees/
20250508	11:17:51	338ac87b-835d-4791-b5f2-d001ae2af0ea	PUT	undefined	/employees/
20250508	11:18:24	b82ca866-9666-4c50-9b96-decabe3fae1b	DELETE	undefined	/employees/
20250508	11:18:31	e04f2bfd-3847-4f58-8d0f-1e984d97ad55	GET	undefined	/logout/
20250508	11:18:38	405d591b-ed26-4d68-94b2-e108df64b563	GET	undefined	/employees/
20250508	11:18:41	05008a91-96cd-4945-88d7-b0be74f3ead1	GET	undefined	/employees/
20250508	11:18:44	d8160ae9-8cf1-45ca-86e1-7cb5152e7037	GET	undefined	/logout/
20250508	11:19:32	1f2f2bcc-8e37-4455-bba1-14e6264f94d4	GET	undefined	/employees/
20250508	11:19:32	807a3754-6f5c-480e-afbd-d9467a24b44e	GET	undefined	/employees/
20250508	11:19:36	90ae3b40-9d72-48ef-8a72-09363856d8a7	GET	undefined	/refresh/
20250508	11:20:31	9e23f102-f5b0-4662-b83f-a76792c1e9cc	POST	undefined	/auth/
20250508	11:20:47	42536689-fb15-492c-b62d-70f58bd105f4	GET	undefined	/employees/
20250508	11:20:59	2917bdb6-9d32-47ee-8dde-9136d1ffc176	DELETE	undefined	/employees/
20250508	11:21:04	05fb6b30-4620-4e44-97d2-b6c65725de49	DELETE	undefined	/employees/
20250508	11:21:25	cc081722-04e2-4d17-8218-1374c3d07976	GET	undefined	/refresh/
20250508	11:21:33	ca34e6f2-a726-46b3-b600-aeb93657ab34	GET	undefined	/logout/
20250508	11:21:39	bc2c7482-05cc-46a7-a096-c2824ff93227	GET	undefined	/employees/
20250508	11:21:40	25e0b564-0390-4bad-ba7c-8b82285cf4d6	GET	undefined	/employees/
20250508	11:21:40	9a64f0a9-c4e3-4f20-956f-fa212b8c1a87	GET	undefined	/employees/
20250508	11:21:41	4eb3e3d3-3d18-48e5-bb50-bbfa772485f7	GET	undefined	/employees/
20250508	11:21:43	c67b16ce-0295-4f66-ae24-d689882dbb68	GET	undefined	/logout/
20250508	11:21:47	02a660e2-2a9e-4124-b4eb-946498ba1f11	GET	undefined	/employees/
20250508	11:21:47	de628a4c-53a0-491c-8594-9af73f767a06	GET	undefined	/employees/
20250508	11:21:47	fe68054b-c1eb-4070-8338-85f687d05f65	GET	undefined	/employees/
20250508	11:21:48	d1f14043-64c3-4c7e-8dd6-51abbe7e99f3	GET	undefined	/employees/
20250508	11:21:48	3137c696-4348-4e25-9691-1d55b19b4b75	GET	undefined	/employees/
20250508	11:21:48	2ba6b7b6-518b-4fb0-8e2c-b9cfeef92358	GET	undefined	/employees/
20250508	11:21:49	802cc902-14a1-4b22-95aa-158c05421bfe	GET	undefined	/employees/
20250508	11:21:49	1022e4ac-acfc-4863-b9f7-3eb21b738e1a	GET	undefined	/employees/
20250508	11:21:51	c7616c24-b208-44b9-a7a2-d22955fced57	GET	undefined	/employees/
20250508	11:22:18	3f51adb1-45d9-41d0-b1ac-de73e7f332bc	GET	undefined	/employees/
20250508	11:22:18	8e416173-a19c-4da2-8030-ba5e16cb5a71	GET	undefined	/employees/
20250508	11:22:19	9a6fb625-5b99-48c8-b489-41690738ea39	GET	undefined	/employees/
20250508	11:22:19	3215cf8b-7aad-4018-b66f-03d94b9c7e54	GET	undefined	/employees/
20250508	11:22:19	6f2770ad-4521-4b28-b0c5-a41faf4f31e8	GET	undefined	/employees/
20250508	11:22:20	16741a5e-6b99-452a-afe4-7799793b1a4c	GET	undefined	/employees/
20250508	11:22:20	01ea685f-69d4-43ea-b624-4a85bd1d2f1b	GET	undefined	/employees/
20250508	11:22:20	af4c60cf-3209-4dc3-b0f3-23a420037ad6	GET	undefined	/employees/
20250508	11:22:20	c693f402-365f-4d3f-b1cd-9002d94145e6	GET	undefined	/employees/
20250508	11:22:20	e0c63037-4e99-472e-8388-967964fb3f53	GET	undefined	/employees/
20250508	11:22:21	2cbaa355-a88b-4a4f-ba7e-9ca19e1aca3e	GET	undefined	/employees/
20250508	11:22:21	b79d455c-c0b5-420b-b24f-a01034584e98	GET	undefined	/employees/
20250508	11:22:21	bac6a563-df18-4eeb-8929-fc4393af2907	GET	undefined	/employees/
20250508	11:22:21	008bdb84-24eb-42b9-9256-6c269da5f077	GET	undefined	/employees/
20250508	11:22:21	e2af7936-699e-4c67-912d-18b9e15d2327	GET	undefined	/employees/
20250508	11:22:22	78d12e29-1594-4bf0-bdc5-7502ed5102f8	GET	undefined	/employees/
20250508	11:22:22	944ffe78-51f5-4501-b1cc-46ed9b4d5eeb	GET	undefined	/employees/
20250508	11:22:22	5399b14a-f88b-4777-abc7-d3107751b196	GET	undefined	/employees/
20250508	11:22:22	8eb96c12-ae36-4ac9-b4d7-1ec6c306a733	GET	undefined	/employees/
20250508	11:22:27	50b9b972-d389-4306-8dd0-fd9bfecbb46d	GET	undefined	/logout/
20250508	11:22:30	8b4b4b0b-9542-4534-9476-2f5ed8ad128d	GET	undefined	/refresh/
20250508	11:22:32	96035d95-00a6-48e2-96b4-738e383c8275	GET	undefined	/logout/
20250508	11:22:34	a34eef39-30f4-42d2-86dc-97e633e2095a	GET	undefined	/employees/
